-------------------------------------------------------------------------------
Test set: DubboServerApplicationTests
-------------------------------------------------------------------------------
Tests run: 1, Failures: 0, Errors: 1, Skipped: 0, Time elapsed: 0.464 s <<< FAILURE! - in DubboServerApplicationTests
initializationError(DubboServerApplicationTests)  Time elapsed: 0.014 s  <<< ERROR!
java.lang.IllegalStateException: Unable to find a @SpringBootConfiguration, you need to use @ContextConfiguration or @SpringBootTest(classes=...) with your test

